0 info it worked if it ends with ok
1 verbose cli [ 'node', '/usr/local/bin/npm', 'install', 'inquirer' ]
2 info using npm@1.3.2
3 info using node@v0.10.13
4 verbose readDependencies using package.json deps
5 verbose cache add [ 'inquirer@^3.3.0', null ]
6 verbose cache add name=undefined spec="inquirer@^3.3.0" args=["inquirer@^3.3.0",null]
7 verbose parsed url { protocol: null,
7 verbose parsed url   slashes: null,
7 verbose parsed url   auth: null,
7 verbose parsed url   host: null,
7 verbose parsed url   port: null,
7 verbose parsed url   hostname: null,
7 verbose parsed url   hash: null,
7 verbose parsed url   search: null,
7 verbose parsed url   query: null,
7 verbose parsed url   pathname: 'inquirer@^3.3.0',
7 verbose parsed url   path: 'inquirer@^3.3.0',
7 verbose parsed url   href: 'inquirer@^3.3.0' }
8 verbose cache add name="inquirer" spec="^3.3.0" args=["inquirer","^3.3.0"]
9 verbose parsed url { protocol: null,
9 verbose parsed url   slashes: null,
9 verbose parsed url   auth: null,
9 verbose parsed url   host: null,
9 verbose parsed url   port: null,
9 verbose parsed url   hostname: null,
9 verbose parsed url   hash: null,
9 verbose parsed url   search: null,
9 verbose parsed url   query: null,
9 verbose parsed url   pathname: '^3.3.0',
9 verbose parsed url   path: '^3.3.0',
9 verbose parsed url   href: '^3.3.0' }
10 verbose addNamed [ 'inquirer', '^3.3.0' ]
11 verbose addNamed [ null, null ]
12 silly lockFile 7fa0736d-inquirer-3-3-0 inquirer@^3.3.0
13 verbose lock inquirer@^3.3.0 /Users/shannonedgar/.npm/7fa0736d-inquirer-3-3-0.lock
14 silly lockFile 7fa0736d-inquirer-3-3-0 inquirer@^3.3.0
15 error Error: EACCES, open '/Users/shannonedgar/.npm/7fa0736d-inquirer-3-3-0.lock'
15 error  { [Error: EACCES, open '/Users/shannonedgar/.npm/7fa0736d-inquirer-3-3-0.lock']
15 error   errno: 3,
15 error   code: 'EACCES',
15 error   path: '/Users/shannonedgar/.npm/7fa0736d-inquirer-3-3-0.lock' }
16 error Please try running this command again as root/Administrator.
17 error System Darwin 17.2.0
18 error command "node" "/usr/local/bin/npm" "install" "inquirer"
19 error cwd /Users/shannonedgar/Desktop/constructor-hangman-master
20 error node -v v0.10.13
21 error npm -v 1.3.2
22 error path /Users/shannonedgar/.npm/7fa0736d-inquirer-3-3-0.lock
23 error code EACCES
24 error errno 3
25 error stack Error: EACCES, open '/Users/shannonedgar/.npm/7fa0736d-inquirer-3-3-0.lock'
26 verbose exit [ 3, true ]
